<?xml version="1.0" encoding="UTF-8"?>
<testsuite xmlns:xsi="http://www.w3.org/2001/XMLSchema-instance" xsi:noNamespaceSchemaLocation="https://maven.apache.org/surefire/maven-surefire-plugin/xsd/surefire-test-report.xsd" name="TestSuite" time="172.026" tests="10" errors="0" skipped="0" failures="0">
  <properties>
[...]
</properties>
  <testcase name="can_login_with_valid_credentials" classname="demoshop.HomePageTest" time="26.345"/>
  <testcase name="can_login_with_valid_credentials" classname="demoshop.HomePageTest" time="4.336"/>
  <testcase name="can_login_with_valid_credentials" classname="demoshop.HomePageTest" time="3.173"/>
  <testcase name="can_open_login_modal" classname="demoshop.HomePageTest" time="1.469"/>
  <testcase name="expect_a_welcome_message" classname="demoshop.HomePageTest" time="1.218"/>
  <testcase name="wrong_credentials_throws_error_message" classname="demoshop.HomePageTest" time="1.841"/>
  <testcase name="can_login_with_valid_credentials" classname="demoshop.LoginTest" time="8.815"/>
  <testcase name="can_login_with_valid_credentials" classname="demoshop.LoginTest" time="6.8"/>
  <testcase name="can_login_with_valid_credentials" classname="demoshop.LoginTest" time="3.876"/>
  <testcase name="can_open_login_modal" classname="demoshop.LoginTest" time="3.116"/>
</testsuite>